<?xml version="1.0" encoding="UTF-8"?>
<coverage generated="1757486947">
  <project timestamp="1757486947">
    <file name="/app/generated/ApiLog/Authentication/BearerAuthentication.php">
      <class name="AntiPatternInc\Saasus\Sdk\ApiLog\Authentication\BearerAuthentication" namespace="global">
        <metrics complexity="3" methods="3" coveredmethods="0" conditionals="0" coveredconditionals="0" statements="5" coveredstatements="0" elements="8" coveredelements="0"/>
      </class>
      <line num="8" type="method" name="__construct" visibility="public" complexity="1" crap="2" count="0"/>
      <line num="10" type="stmt" count="0"/>
      <line num="12" type="method" name="authentication" visibility="public" complexity="1" crap="2" count="0"/>
      <line num="14" type="stmt" count="0"/>
      <line num="15" type="stmt" count="0"/>
      <line num="16" type="stmt" count="0"/>
      <line num="18" type="method" name="getScope" visibility="public" complexity="1" crap="2" count="0"/>
      <line num="20" type="stmt" count="0"/>
      <metrics loc="22" ncloc="22" classes="1" methods="3" coveredmethods="0" conditionals="0" coveredconditionals="0" statements="5" coveredstatements="0" elements="8" coveredelements="0"/>
    </file>
    <file name="/app/generated/ApiLog/Client.php">
      <class name="AntiPatternInc\Saasus\Sdk\ApiLog\Client" namespace="global">
        <metrics complexity="7" methods="4" coveredmethods="0" conditionals="0" coveredconditionals="0" statements="19" coveredstatements="7" elements="23" coveredelements="7"/>
      </class>
      <line num="21" type="method" name="getLogs" visibility="public" complexity="1" crap="2" count="0"/>
      <line num="23" type="stmt" count="0"/>
      <line num="34" type="method" name="getLog" visibility="public" complexity="1" crap="2" count="0"/>
      <line num="36" type="stmt" count="0"/>
      <line num="44" type="method" name="returnInternalServerError" visibility="public" complexity="1" crap="2" count="0"/>
      <line num="46" type="stmt" count="0"/>
      <line num="48" type="method" name="create" visibility="public" complexity="4" crap="6.85" count="4"/>
      <line num="50" type="stmt" count="4"/>
      <line num="51" type="stmt" count="0"/>
      <line num="52" type="stmt" count="0"/>
      <line num="53" type="stmt" count="0"/>
      <line num="54" type="stmt" count="0"/>
      <line num="55" type="stmt" count="0"/>
      <line num="56" type="stmt" count="0"/>
      <line num="57" type="stmt" count="0"/>
      <line num="59" type="stmt" count="0"/>
      <line num="61" type="stmt" count="4"/>
      <line num="62" type="stmt" count="4"/>
      <line num="63" type="stmt" count="4"/>
      <line num="64" type="stmt" count="4"/>
      <line num="65" type="stmt" count="0"/>
      <line num="67" type="stmt" count="4"/>
      <line num="68" type="stmt" count="4"/>
      <metrics loc="70" ncloc="41" classes="1" methods="4" coveredmethods="0" conditionals="0" coveredconditionals="0" statements="19" coveredstatements="7" elements="23" coveredelements="7"/>
    </file>
    <file name="/app/generated/ApiLog/Endpoint/GetLog.php">
      <class name="AntiPatternInc\Saasus\Sdk\ApiLog\Endpoint\GetLog" namespace="global">
        <metrics complexity="13" methods="7" coveredmethods="0" conditionals="0" coveredconditionals="0" statements="12" coveredstatements="0" elements="19" coveredelements="0"/>
      </class>
      <line num="13" type="method" name="__construct" visibility="public" complexity="1" crap="2" count="0"/>
      <line num="15" type="stmt" count="0"/>
      <line num="18" type="method" name="getMethod" visibility="public" complexity="1" crap="2" count="0"/>
      <line num="20" type="stmt" count="0"/>
      <line num="22" type="method" name="getUri" visibility="public" complexity="1" crap="2" count="0"/>
      <line num="24" type="stmt" count="0"/>
      <line num="26" type="method" name="getBody" visibility="public" complexity="1" crap="2" count="0"/>
      <line num="28" type="stmt" count="0"/>
      <line num="30" type="method" name="getExtraHeaders" visibility="public" complexity="1" crap="2" count="0"/>
      <line num="32" type="stmt" count="0"/>
      <line num="41" type="method" name="transformResponseBody" visibility="protected" complexity="7" crap="56" count="0"/>
      <line num="43" type="stmt" count="0"/>
      <line num="44" type="stmt" count="0"/>
      <line num="45" type="stmt" count="0"/>
      <line num="46" type="stmt" count="0"/>
      <line num="48" type="stmt" count="0"/>
      <line num="49" type="stmt" count="0"/>
      <line num="52" type="method" name="getAuthenticationScopes" visibility="public" complexity="1" crap="2" count="0"/>
      <line num="54" type="stmt" count="0"/>
      <metrics loc="56" ncloc="44" classes="1" methods="7" coveredmethods="0" conditionals="0" coveredconditionals="0" statements="12" coveredstatements="0" elements="19" coveredelements="0"/>
    </file>
    <file name="/app/generated/ApiLog/Endpoint/GetLogs.php">
      <class name="AntiPatternInc\Saasus\Sdk\ApiLog\Endpoint\GetLogs" namespace="global">
        <metrics complexity="14" methods="8" coveredmethods="0" conditionals="0" coveredconditionals="0" statements="22" coveredstatements="0" elements="30" coveredelements="0"/>
      </class>
      <line num="17" type="method" name="__construct" visibility="public" complexity="1" crap="2" count="0"/>
      <line num="19" type="stmt" count="0"/>
      <line num="22" type="method" name="getMethod" visibility="public" complexity="1" crap="2" count="0"/>
      <line num="24" type="stmt" count="0"/>
      <line num="26" type="method" name="getUri" visibility="public" complexity="1" crap="2" count="0"/>
      <line num="28" type="stmt" count="0"/>
      <line num="30" type="method" name="getBody" visibility="public" complexity="1" crap="2" count="0"/>
      <line num="32" type="stmt" count="0"/>
      <line num="34" type="method" name="getExtraHeaders" visibility="public" complexity="1" crap="2" count="0"/>
      <line num="36" type="stmt" count="0"/>
      <line num="38" type="method" name="getQueryOptionsResolver" visibility="protected" complexity="1" crap="2" count="0"/>
      <line num="40" type="stmt" count="0"/>
      <line num="41" type="stmt" count="0"/>
      <line num="42" type="stmt" count="0"/>
      <line num="43" type="stmt" count="0"/>
      <line num="44" type="stmt" count="0"/>
      <line num="45" type="stmt" count="0"/>
      <line num="46" type="stmt" count="0"/>
      <line num="47" type="stmt" count="0"/>
      <line num="48" type="stmt" count="0"/>
      <line num="57" type="method" name="transformResponseBody" visibility="protected" complexity="7" crap="56" count="0"/>
      <line num="59" type="stmt" count="0"/>
      <line num="60" type="stmt" count="0"/>
      <line num="61" type="stmt" count="0"/>
      <line num="62" type="stmt" count="0"/>
      <line num="64" type="stmt" count="0"/>
      <line num="65" type="stmt" count="0"/>
      <line num="68" type="method" name="getAuthenticationScopes" visibility="public" complexity="1" crap="2" count="0"/>
      <line num="70" type="stmt" count="0"/>
      <metrics loc="72" ncloc="55" classes="1" methods="8" coveredmethods="0" conditionals="0" coveredconditionals="0" statements="22" coveredstatements="0" elements="30" coveredelements="0"/>
    </file>
    <file name="/app/generated/ApiLog/Endpoint/ReturnInternalServerError.php">
      <class name="AntiPatternInc\Saasus\Sdk\ApiLog\Endpoint\ReturnInternalServerError" namespace="global">
        <metrics complexity="9" methods="6" coveredmethods="0" conditionals="0" coveredconditionals="0" statements="9" coveredstatements="0" elements="15" coveredelements="0"/>
      </class>
      <line num="8" type="method" name="getMethod" visibility="public" complexity="1" crap="2" count="0"/>
      <line num="10" type="stmt" count="0"/>
      <line num="12" type="method" name="getUri" visibility="public" complexity="1" crap="2" count="0"/>
      <line num="14" type="stmt" count="0"/>
      <line num="16" type="method" name="getBody" visibility="public" complexity="1" crap="2" count="0"/>
      <line num="18" type="stmt" count="0"/>
      <line num="20" type="method" name="getExtraHeaders" visibility="public" complexity="1" crap="2" count="0"/>
      <line num="22" type="stmt" count="0"/>
      <line num="31" type="method" name="transformResponseBody" visibility="protected" complexity="4" crap="20" count="0"/>
      <line num="33" type="stmt" count="0"/>
      <line num="34" type="stmt" count="0"/>
      <line num="35" type="stmt" count="0"/>
      <line num="36" type="stmt" count="0"/>
      <line num="39" type="method" name="getAuthenticationScopes" visibility="public" complexity="1" crap="2" count="0"/>
      <line num="41" type="stmt" count="0"/>
      <metrics loc="43" ncloc="36" classes="1" methods="6" coveredmethods="0" conditionals="0" coveredconditionals="0" statements="9" coveredstatements="0" elements="15" coveredelements="0"/>
    </file>
    <file name="/app/generated/ApiLog/Model/ApiLogs.php">
      <class name="AntiPatternInc\Saasus\Sdk\ApiLog\Model\ApiLogs" namespace="global">
        <metrics complexity="5" methods="5" coveredmethods="0" conditionals="0" coveredconditionals="0" statements="9" coveredstatements="0" elements="14" coveredelements="0"/>
      </class>
      <line num="11" type="method" name="isInitialized" visibility="public" complexity="1" crap="2" count="0"/>
      <line num="13" type="stmt" count="0"/>
      <line num="32" type="method" name="getApiLogs" visibility="public" complexity="1" crap="2" count="0"/>
      <line num="34" type="stmt" count="0"/>
      <line num="43" type="method" name="setApiLogs" visibility="public" complexity="1" crap="2" count="0"/>
      <line num="45" type="stmt" count="0"/>
      <line num="46" type="stmt" count="0"/>
      <line num="47" type="stmt" count="0"/>
      <line num="54" type="method" name="getCursor" visibility="public" complexity="1" crap="2" count="0"/>
      <line num="56" type="stmt" count="0"/>
      <line num="65" type="method" name="setCursor" visibility="public" complexity="1" crap="2" count="0"/>
      <line num="67" type="stmt" count="0"/>
      <line num="68" type="stmt" count="0"/>
      <line num="69" type="stmt" count="0"/>
      <metrics loc="71" ncloc="34" classes="1" methods="5" coveredmethods="0" conditionals="0" coveredconditionals="0" statements="9" coveredstatements="0" elements="14" coveredelements="0"/>
    </file>
    <file name="/app/generated/ApiLog/Model/Error.php">
      <class name="AntiPatternInc\Saasus\Sdk\ApiLog\Model\Error" namespace="global">
        <metrics complexity="5" methods="5" coveredmethods="0" conditionals="0" coveredconditionals="0" statements="9" coveredstatements="0" elements="14" coveredelements="0"/>
      </class>
      <line num="11" type="method" name="isInitialized" visibility="public" complexity="1" crap="2" count="0"/>
      <line num="13" type="stmt" count="0"/>
      <line num="32" type="method" name="getType" visibility="public" complexity="1" crap="2" count="0"/>
      <line num="34" type="stmt" count="0"/>
      <line num="43" type="method" name="setType" visibility="public" complexity="1" crap="2" count="0"/>
      <line num="45" type="stmt" count="0"/>
      <line num="46" type="stmt" count="0"/>
      <line num="47" type="stmt" count="0"/>
      <line num="54" type="method" name="getMessage" visibility="public" complexity="1" crap="2" count="0"/>
      <line num="56" type="stmt" count="0"/>
      <line num="65" type="method" name="setMessage" visibility="public" complexity="1" crap="2" count="0"/>
      <line num="67" type="stmt" count="0"/>
      <line num="68" type="stmt" count="0"/>
      <line num="69" type="stmt" count="0"/>
      <metrics loc="71" ncloc="34" classes="1" methods="5" coveredmethods="0" conditionals="0" coveredconditionals="0" statements="9" coveredstatements="0" elements="14" coveredelements="0"/>
    </file>
    <file name="/app/generated/Auth/Authentication/BearerAuthentication.php">
      <class name="AntiPatternInc\Saasus\Sdk\Auth\Authentication\BearerAuthentication" namespace="global">
        <metrics complexity="3" methods="3" coveredmethods="0" conditionals="0" coveredconditionals="0" statements="5" coveredstatements="0" elements="8" coveredelements="0"/>
      </class>
      <line num="8" type="method" name="__construct" visibility="public" complexity="1" crap="2" count="0"/>
      <line num="10" type="stmt" count="0"/>
      <line num="12" type="method" name="authentication" visibility="public" complexity="1" crap="2" count="0"/>
      <line num="14" type="stmt" count="0"/>
      <line num="15" type="stmt" count="0"/>
      <line num="16" type="stmt" count="0"/>
      <line num="18" type="method" name="getScope" visibility="public" complexity="1" crap="2" count="0"/>
      <line num="20" type="stmt" count="0"/>
      <metrics loc="22" ncloc="22" classes="1" methods="3" coveredmethods="0" conditionals="0" coveredconditionals="0" statements="5" coveredstatements="0" elements="8" coveredelements="0"/>
    </file>
    <file name="/app/generated/Auth/Client.php">
      <class name="AntiPatternInc\Saasus\Sdk\Auth\Client" namespace="global">
        <metrics complexity="86" methods="83" coveredmethods="7" conditionals="0" coveredconditionals="0" statements="98" coveredstatements="14" elements="181" coveredelements="21"/>
      </class>
      <line num="23" type="method" name="getUserInfo" visibility="public" complexity="1" crap="2" count="0"/>
      <line num="25" type="stmt" count="0"/>
      <line num="33" type="method" name="getBasicInfo" visibility="public" complexity="1" crap="1" count="4"/>
      <line num="35" type="stmt" count="4"/>
      <line num="49" type="method" name="updateBasicInfo" visibility="public" complexity="1" crap="2" count="0"/>
      <line num="51" type="stmt" count="0"/>
      <line num="59" type="method" name="getAuthInfo" visibility="public" complexity="1" crap="2" count="0"/>
      <line num="61" type="stmt" count="0"/>
      <line num="74" type="method" name="updateAuthInfo" visibility="public" complexity="1" crap="2" count="0"/>
      <line num="76" type="stmt" count="0"/>
      <line num="84" type="method" name="getSaasUsers" visibility="public" complexity="1" crap="2" count="0"/>
      <line num="86" type="stmt" count="0"/>
      <line num="98" type="method" name="createSaasUser" visibility="public" complexity="1" crap="2" count="0"/>
      <line num="100" type="stmt" count="0"/>
      <line num="112" type="method" name="deleteSaasUser" visibility="public" complexity="1" crap="2" count="0"/>
      <line num="114" type="stmt" count="0"/>
      <line num="126" type="method" name="getSaasUser" visibility="public" complexity="1" crap="2" count="0"/>
      <line num="128" type="stmt" count="0"/>
      <line num="140" type="method" name="updateSaasUserPassword" visibility="public" complexity="1" crap="2" count="0"/>
      <line num="142" type="stmt" count="0"/>
      <line num="154" type="method" name="updateSaasUserEmail" visibility="public" complexity="1" crap="2" count="0"/>
      <line num="156" type="stmt" count="0"/>
      <line num="172" type="method" name="requestEmailUpdate" visibility="public" complexity="1" crap="2" count="0"/>
      <line num="174" type="stmt" count="0"/>
      <line num="188" type="method" name="confirmEmailUpdate" visibility="public" complexity="1" crap="2" count="0"/>
      <line num="190" type="stmt" count="0"/>
      <line num="202" type="method" name="updateSoftwareToken" visibility="public" complexity="1" crap="2" count="0"/>
      <line num="204" type="stmt" count="0"/>
      <line num="216" type="method" name="createSecretCode" visibility="public" complexity="1" crap="2" count="0"/>
      <line num="218" type="stmt" count="0"/>
      <line num="229" type="method" name="getUserMfaPreference" visibility="public" complexity="1" crap="2" count="0"/>
      <line num="231" type="stmt" count="0"/>
      <line num="243" type="method" name="updateUserMfaPreference" visibility="public" complexity="1" crap="2" count="0"/>
      <line num="245" type="stmt" count="0"/>
      <line num="257" type="method" name="unlinkProvider" visibility="public" complexity="1" crap="2" count="0"/>
      <line num="259" type="stmt" count="0"/>
      <line num="267" type="method" name="getAllTenantUsers" visibility="public" complexity="1" crap="2" count="0"/>
      <line num="269" type="stmt" count="0"/>
      <line num="283" type="method" name="getAllTenantUser" visibility="public" complexity="1" crap="2" count="0"/>
      <line num="285" type="stmt" count="0"/>
      <line num="298" type="method" name="getTenantUsers" visibility="public" complexity="1" crap="2" count="0"/>
      <line num="300" type="stmt" count="0"/>
      <line num="314" type="method" name="createTenantUser" visibility="public" complexity="1" crap="2" count="0"/>
      <line num="316" type="stmt" count="0"/>
      <line num="329" type="method" name="deleteTenantUser" visibility="public" complexity="1" crap="2" count="0"/>
      <line num="331" type="stmt" count="0"/>
      <line num="344" type="method" name="getTenantUser" visibility="public" complexity="1" crap="2" count="0"/>
      <line num="346" type="stmt" count="0"/>
      <line num="360" type="method" name="updateTenantUser" visibility="public" complexity="1" crap="2" count="0"/>
      <line num="362" type="stmt" count="0"/>
      <line num="376" type="method" name="createTenantUserRoles" visibility="public" complexity="1" crap="2" count="0"/>
      <line num="378" type="stmt" count="0"/>
      <line num="393" type="method" name="deleteTenantUserRole" visibility="public" complexity="1" crap="2" count="0"/>
      <line num="395" type="stmt" count="0"/>
      <line num="403" type="method" name="getRoles" visibility="public" complexity="1" crap="2" count="0"/>
      <line num="405" type="stmt" count="0"/>
      <line num="419" type="method" name="createRole" visibility="public" complexity="1" crap="2" count="0"/>
      <line num="421" type="stmt" count="0"/>
      <line num="434" type="method" name="deleteRole" visibility="public" complexity="1" crap="2" count="0"/>
      <line num="436" type="stmt" count="0"/>
      <line num="444" type="method" name="getUserAttributes" visibility="public" complexity="1" crap="2" count="0"/>
      <line num="446" type="stmt" count="0"/>
      <line num="460" type="method" name="createUserAttribute" visibility="public" complexity="1" crap="2" count="0"/>
      <line num="462" type="stmt" count="0"/>
      <line num="474" type="method" name="deleteUserAttribute" visibility="public" complexity="1" crap="2" count="0"/>
      <line num="476" type="stmt" count="0"/>
      <line num="484" type="method" name="getTenantAttributes" visibility="public" complexity="1" crap="1" count="1"/>
      <line num="486" type="stmt" count="1"/>
      <line num="499" type="method" name="createTenantAttribute" visibility="public" complexity="1" crap="2" count="0"/>
      <line num="501" type="stmt" count="0"/>
      <line num="513" type="method" name="deleteTenantAttribute" visibility="public" complexity="1" crap="2" count="0"/>
      <line num="515" type="stmt" count="0"/>
      <line num="523" type="method" name="getTenants" visibility="public" complexity="1" crap="1" count="1"/>
      <line num="525" type="stmt" count="1"/>
      <line num="536" type="method" name="createTenant" visibility="public" complexity="1" crap="1" count="3"/>
      <line num="538" type="stmt" count="3"/>
      <line num="549" type="method" name="deleteTenant" visibility="public" complexity="1" crap="1" count="3"/>
      <line num="551" type="stmt" count="3"/>
      <line num="563" type="method" name="getTenant" visibility="public" complexity="1" crap="1" count="2"/>
      <line num="565" type="stmt" count="2"/>
      <line num="578" type="method" name="updateTenant" visibility="public" complexity="1" crap="1" count="2"/>
      <line num="580" type="stmt" count="2"/>
      <line num="594" type="method" name="updateTenantPlan" visibility="public" complexity="1" crap="2" count="0"/>
      <line num="596" type="stmt" count="0"/>
      <line num="610" type="method" name="updateTenantBillingInfo" visibility="public" complexity="1" crap="2" count="0"/>
      <line num="612" type="stmt" count="0"/>
      <line num="623" type="method" name="getTenantInvitations" visibility="public" complexity="1" crap="2" count="0"/>
      <line num="625" type="stmt" count="0"/>
      <line num="638" type="method" name="createTenantInvitation" visibility="public" complexity="1" crap="2" count="0"/>
      <line num="640" type="stmt" count="0"/>
      <line num="653" type="method" name="deleteTenantInvitation" visibility="public" complexity="1" crap="2" count="0"/>
      <line num="655" type="stmt" count="0"/>
      <line num="668" type="method" name="getTenantInvitation" visibility="public" complexity="1" crap="2" count="0"/>
      <line num="670" type="stmt" count="0"/>
      <line num="682" type="method" name="getInvitationValidity" visibility="public" complexity="1" crap="2" count="0"/>
      <line num="684" type="stmt" count="0"/>
      <line num="698" type="method" name="validateInvitation" visibility="public" complexity="1" crap="2" count="0"/>
      <line num="700" type="stmt" count="0"/>
      <line num="711" type="method" name="getTenantIdentityProviders" visibility="public" complexity="1" crap="2" count="0"/>
      <line num="713" type="stmt" count="0"/>
      <line num="725" type="method" name="updateTenantIdentityProvider" visibility="public" complexity="1" crap="2" count="0"/>
      <line num="727" type="stmt" count="0"/>
      <line num="742" type="method" name="requestExternalUserLink" visibility="public" complexity="1" crap="2" count="0"/>
      <line num="744" type="stmt" count="0"/>
      <line num="756" type="method" name="confirmExternalUserLink" visibility="public" complexity="1" crap="2" count="0"/>
      <line num="758" type="stmt" count="0"/>
      <line num="766" type="method" name="findNotificationMessages" visibility="public" complexity="1" crap="2" count="0"/>
      <line num="768" type="stmt" count="0"/>
      <line num="779" type="method" name="updateNotificationMessages" visibility="public" complexity="1" crap="2" count="0"/>
      <line num="781" type="stmt" count="0"/>
      <line num="789" type="method" name="getIdentityProviders" visibility="public" complexity="1" crap="2" count="0"/>
      <line num="791" type="stmt" count="0"/>
      <line num="802" type="method" name="updateIdentityProvider" visibility="public" complexity="1" crap="2" count="0"/>
      <line num="804" type="stmt" count="0"/>
      <line num="812" type="method" name="getSignInSettings" visibility="public" complexity="1" crap="2" count="0"/>
      <line num="814" type="stmt" count="0"/>
      <line num="827" type="method" name="updateSignInSettings" visibility="public" complexity="1" crap="2" count="0"/>
      <line num="829" type="stmt" count="0"/>
      <line num="837" type="method" name="getCustomizePages" visibility="public" complexity="1" crap="2" count="0"/>
      <line num="839" type="stmt" count="0"/>
      <line num="850" type="method" name="updateCustomizePages" visibility="public" complexity="1" crap="2" count="0"/>
      <line num="852" type="stmt" count="0"/>
      <line num="860" type="method" name="getCustomizePageSettings" visibility="public" complexity="1" crap="2" count="0"/>
      <line num="862" type="stmt" count="0"/>
      <line num="873" type="method" name="updateCustomizePageSettings" visibility="public" complexity="1" crap="2" count="0"/>
      <line num="875" type="stmt" count="0"/>
      <line num="883" type="method" name="getEnvs" visibility="public" complexity="1" crap="2" count="0"/>
      <line num="885" type="stmt" count="0"/>
      <line num="898" type="method" name="createEnv" visibility="public" complexity="1" crap="2" count="0"/>
      <line num="900" type="stmt" count="0"/>
      <line num="912" type="method" name="deleteEnv" visibility="public" complexity="1" crap="2" count="0"/>
      <line num="914" type="stmt" count="0"/>
      <line num="926" type="method" name="getEnv" visibility="public" complexity="1" crap="2" count="0"/>
      <line num="928" type="stmt" count="0"/>
      <line num="941" type="method" name="updateEnv" visibility="public" complexity="1" crap="2" count="0"/>
      <line num="943" type="stmt" count="0"/>
      <line num="951" type="method" name="createTenantAndPricing" visibility="public" complexity="1" crap="2" count="0"/>
      <line num="953" type="stmt" count="0"/>
      <line num="961" type="method" name="deleteStripeTenantAndPricing" visibility="public" complexity="1" crap="2" count="0"/>
      <line num="963" type="stmt" count="0"/>
      <line num="984" type="method" name="getAuthCredentials" visibility="public" complexity="1" crap="2" count="0"/>
      <line num="986" type="stmt" count="0"/>
      <line num="1001" type="method" name="createAuthCredentials" visibility="public" complexity="1" crap="2" count="0"/>
      <line num="1003" type="stmt" count="0"/>
      <line num="1014" type="method" name="signUp" visibility="public" complexity="1" crap="2" count="0"/>
      <line num="1016" type="stmt" count="0"/>
      <line num="1027" type="method" name="resendSignUpConfirmationEmail" visibility="public" complexity="1" crap="2" count="0"/>
      <line num="1029" type="stmt" count="0"/>
      <line num="1042" type="method" name="signUpWithAwsMarketplace" visibility="public" complexity="1" crap="2" count="0"/>
      <line num="1044" type="stmt" count="0"/>
      <line num="1057" type="method" name="confirmSignUpWithAwsMarketplace" visibility="public" complexity="1" crap="2" count="0"/>
      <line num="1059" type="stmt" count="0"/>
      <line num="1072" type="method" name="linkAwsMarketplace" visibility="public" complexity="1" crap="2" count="0"/>
      <line num="1074" type="stmt" count="0"/>
      <line num="1082" type="method" name="resetPlan" visibility="public" complexity="1" crap="2" count="0"/>
      <line num="1084" type="stmt" count="0"/>
      <line num="1092" type="method" name="getCloudFormationLaunchStackLinkForSingleTenant" visibility="public" complexity="1" crap="2" count="0"/>
      <line num="1094" type="stmt" count="0"/>
      <line num="1102" type="method" name="getSingleTenantSettings" visibility="public" complexity="1" crap="2" count="0"/>
      <line num="1104" type="stmt" count="0"/>
      <line num="1118" type="method" name="updateSingleTenantSettings" visibility="public" complexity="1" crap="2" count="0"/>
      <line num="1120" type="stmt" count="0"/>
      <line num="1128" type="method" name="returnInternalServerError" visibility="public" complexity="1" crap="2" count="0"/>
      <line num="1130" type="stmt" count="0"/>
      <line num="1132" type="method" name="create" visibility="public" complexity="4" crap="6.85" count="4"/>
      <line num="1134" type="stmt" count="4"/>
      <line num="1135" type="stmt" count="0"/>
      <line num="1136" type="stmt" count="0"/>
      <line num="1137" type="stmt" count="0"/>
      <line num="1138" type="stmt" count="0"/>
      <line num="1139" type="stmt" count="0"/>
      <line num="1140" type="stmt" count="0"/>
      <line num="1141" type="stmt" count="0"/>
      <line num="1143" type="stmt" count="0"/>
      <line num="1145" type="stmt" count="4"/>
      <line num="1146" type="stmt" count="4"/>
      <line num="1147" type="stmt" count="4"/>
      <line num="1148" type="stmt" count="4"/>
      <line num="1149" type="stmt" count="0"/>
      <line num="1151" type="stmt" count="4"/>
      <line num="1152" type="stmt" count="4"/>
      <metrics loc="1154" ncloc="357" classes="1" methods="83" coveredmethods="7" conditionals="0" coveredconditionals="0" statements="98" coveredstatements="14" elements="181" coveredelements="21"/>
    </file>
    <file name="/app/generated/Auth/Endpoint/ConfirmEmailUpdate.php">
      <class name="AntiPatternInc\Saasus\Sdk\Auth\Endpoint\ConfirmEmailUpdate" namespace="global">
        <metrics complexity="12" methods="7" coveredmethods="0" conditionals="0" coveredconditionals="0" statements="15" coveredstatements="0" elements="22" coveredelements="0"/>
      </class>
      <line num="16" type="method" name="__construct" visibility="public" complexity="1" crap="2" count="0"/>
      <line num="18" type="stmt" count="0"/>
      <line num="19" type="stmt" count="0"/>
      <line num="22" type="method" name="getMethod" visibility="public" complexity="1" crap="2" count="0"/>
      <line num="24" type="stmt" count="0"/>
      <line num="26" type="method" name="getUri" visibility="public" complexity="1" crap="2" count="0"/>
      <line num="28" type="stmt" count="0"/>
      <line num="30" type="method" name="getBody" visibility="public" complexity="2" crap="6" count="0"/>
      <line num="32" type="stmt" count="0"/>
      <line num="33" type="stmt" count="0"/>
      <line num="35" type="stmt" count="0"/>
      <line num="37" type="method" name="getExtraHeaders" visibility="public" complexity="1" crap="2" count="0"/>
      <line num="39" type="stmt" count="0"/>
      <line num="48" type="method" name="transformResponseBody" visibility="protected" complexity="5" crap="30" count="0"/>
      <line num="50" type="stmt" count="0"/>
      <line num="51" type="stmt" count="0"/>
      <line num="52" type="stmt" count="0"/>
      <line num="53" type="stmt" count="0"/>
      <line num="55" type="stmt" count="0"/>
      <line num="56" type="stmt" count="0"/>
      <line num="59" type="method" name="getAuthenticationScopes" visibility="public" complexity="1" crap="2" count="0"/>
      <line num="61" type="stmt" count="0"/>
      <metrics loc="63" ncloc="48" classes="1" methods="7" coveredmethods="0" conditionals="0" coveredconditionals="0" statements="15" coveredstatements="0" elements="22" coveredelements="0"/>
    </file>
    <file name="/app/generated/Auth/Endpoint/ConfirmExternalUserLink.php">
      <class name="AntiPatternInc\Saasus\Sdk\Auth\Endpoint\ConfirmExternalUserLink" namespace="global">
        <metrics complexity="15" methods="7" coveredmethods="0" conditionals="0" coveredconditionals="0" statements="16" coveredstatements="0" elements="23" coveredelements="0"/>
      </class>
      <line num="12" type="method" name="__construct" visibility="public" complexity="1" crap="2" count="0"/>
      <line num="14" type="stmt" count="0"/>
      <line num="17" type="method" name="getMethod" visibility="public" complexity="1" crap="2" count="0"/>
      <line num="19" type="stmt" count="0"/>
      <line num="21" type="method" name="getUri" visibility="public" complexity="1" crap="2" count="0"/>
      <line num="23" type="stmt" count="0"/>
      <line num="25" type="method" name="getBody" visibility="public" complexity="2" crap="6" count="0"/>
      <line num="27" type="stmt" count="0"/>
      <line num="28" type="stmt" count="0"/>
      <line num="30" type="stmt" count="0"/>
      <line num="32" type="method" name="getExtraHeaders" visibility="public" complexity="1" crap="2" count="0"/>
      <line num="34" type="stmt" count="0"/>
      <line num="44" type="method" name="transformResponseBody" visibility="protected" complexity="8" crap="72" count="0"/>
      <line num="46" type="stmt" count="0"/>
      <line num="47" type="stmt" count="0"/>
      <line num="48" type="stmt" count="0"/>
      <line num="49" type="stmt" count="0"/>
      <line num="51" type="stmt" count="0"/>
      <line num="52" type="stmt" count="0"/>
      <line num="54" type="stmt" count="0"/>
      <line num="55" type="stmt" count="0"/>
      <line num="58" type="method" name="getAuthenticationScopes" visibility="public" complexity="1" crap="2" count="0"/>
      <line num="60" type="stmt" count="0"/>
      <metrics loc="62" ncloc="49" classes="1" methods="7" coveredmethods="0" conditionals="0" coveredconditionals="0" statements="16" coveredstatements="0" elements="23" coveredelements="0"/>
    </file>
    <file name="/app/generated/Auth/Endpoint/ConfirmSignUpWithAwsMarketplace.php">
      <class name="AntiPatternInc\Saasus\Sdk\Auth\Endpoint\ConfirmSignUpWithAwsMarketplace" namespace="global">
        <metrics complexity="14" methods="7" coveredmethods="0" conditionals="0" coveredconditionals="0" statements="14" coveredstatements="0" elements="21" coveredelements="0"/>
      </class>
      <line num="14" type="method" name="__construct" visibility="public" complexity="1" crap="2" count="0"/>
      <line num="16" type="stmt" count="0"/>
      <line num="19" type="method" name="getMethod" visibility="public" complexity="1" crap="2" count="0"/>
      <line num="21" type="stmt" count="0"/>
      <line num="23" type="method" name="getUri" visibility="public" complexity="1" crap="2" count="0"/>
      <line num="25" type="stmt" count="0"/>
      <line num="27" type="method" name="getBody" visibility="public" complexity="2" crap="6" count="0"/>
      <line num="29" type="stmt" count="0"/>
      <line num="30" type="stmt" count="0"/>
      <line num="32" type="stmt" count="0"/>
      <line num="34" type="method" name="getExtraHeaders" visibility="public" complexity="1" crap="2" count="0"/>
      <line num="36" type="stmt" count="0"/>
      <line num="45" type="method" name="transformResponseBody" visibility="protected" complexity="7" crap="56" count="0"/>
      <line num="47" type="stmt" count="0"/>
      <line num="48" type="stmt" count="0"/>
      <line num="49" type="stmt" count="0"/>
      <line num="50" type="stmt" count="0"/>
      <line num="52" type="stmt" count="0"/>
      <line num="53" type="stmt" count="0"/>
      <line num="56" type="method" name="getAuthenticationScopes" visibility="public" complexity="1" crap="2" count="0"/>
      <line num="58" type="stmt" count="0"/>
      <metrics loc="60" ncloc="46" classes="1" methods="7" coveredmethods="0" conditionals="0" coveredconditionals="0" statements="14" coveredstatements="0" elements="21" coveredelements="0"/>
    </file>
    <file name="/app/generated/Auth/Endpoint/CreateAuthCredentials.php">
      <class name="AntiPatternInc\Saasus\Sdk\Auth\Endpoint\CreateAuthCredentials" namespace="global">
        <metrics complexity="20" methods="7" coveredmethods="0" conditionals="0" coveredconditionals="0" statements="18" coveredstatements="0" elements="25" coveredelements="0"/>
      </class>
      <line num="14" type="method" name="__construct" visibility="public" complexity="1" crap="2" count="0"/>
      <line num="16" type="stmt" count="0"/>
      <line num="19" type="method" name="getMethod" visibility="public" complexity="1" crap="2" count="0"/>
      <line num="21" type="stmt" count="0"/>
      <line num="23" type="method" name="getUri" visibility="public" complexity="1" crap="2" count="0"/>
      <line num="25" type="stmt" count="0"/>
      <line num="27" type="method" name="getBody" visibility="public" complexity="2" crap="6" count="0"/>
      <line num="29" type="stmt" count="0"/>
      <line num="30" type="stmt" count="0"/>
      <line num="32" type="stmt" count="0"/>
      <line num="34" type="method" name="getExtraHeaders" visibility="public" complexity="1" crap="2" count="0"/>
      <line num="36" type="stmt" count="0"/>
      <line num="47" type="method" name="transformResponseBody" visibility="protected" complexity="13" crap="182" count="0"/>
      <line num="49" type="stmt" count="0"/>
      <line num="50" type="stmt" count="0"/>
      <line num="51" type="stmt" count="0"/>
      <line num="52" type="stmt" count="0"/>
      <line num="54" type="stmt" count="0"/>
      <line num="55" type="stmt" count="0"/>
      <line num="57" type="stmt" count="0"/>
      <line num="58" type="stmt" count="0"/>
      <line num="60" type="stmt" count="0"/>
      <line num="61" type="stmt" count="0"/>
      <line num="64" type="method" name="getAuthenticationScopes" visibility="public" complexity="1" crap="2" count="0"/>
      <line num="66" type="stmt" count="0"/>
      <metrics loc="68" ncloc="52" classes="1" methods="7" coveredmethods="0" conditionals="0" coveredconditionals="0" statements="18" coveredstatements="0" elements="25" coveredelements="0"/>
    </file>
    <file name="/app/generated/Auth/Endpoint/CreateEnv.php">
      <class name="AntiPatternInc\Saasus\Sdk\Auth\Endpoint\CreateEnv" namespace="global">
        <metrics complexity="14" methods="7" coveredmethods="0" conditionals="0" coveredconditionals="0" statements="14" coveredstatements="0" elements="21" coveredelements="0"/>
      </class>
      <line num="14" type="method" name="__construct" visibility="public" complexity="1" crap="2" count="0"/>
      <line num="16" type="stmt" count="0"/>
      <line num="19" type="method" name="getMethod" visibility="public" complexity="1" crap="2" count="0"/>
      <line num="21" type="stmt" count="0"/>
      <line num="23" type="method" name="getUri" visibility="public" complexity="1" crap="2" count="0"/>
      <line num="25" type="stmt" count="0"/>
      <line num="27" type="method" name="getBody" visibility="public" complexity="2" crap="6" count="0"/>
      <line num="29" type="stmt" count="0"/>
      <line num="30" type="stmt" count="0"/>
      <line num="32" type="stmt" count="0"/>
      <line num="34" type="method" name="getExtraHeaders" visibility="public" complexity="1" crap="2" count="0"/>
      <line num="36" type="stmt" count="0"/>
      <line num="45" type="method" name="transformResponseBody" visibility="protected" complexity="7" crap="56" count="0"/>
      <line num="47" type="stmt" count="0"/>
      <line num="48" type="stmt" count="0"/>
      <line num="49" type="stmt" count="0"/>
      <line num="50" type="stmt" count="0"/>
      <line num="52" type="stmt" count="0"/>
      <line num="53" type="stmt" count="0"/>
      <line num="56" type="method" name="getAuthenticationScopes" visibility="public" complexity="1" crap="2" count="0"/>
      <line num="58" type="stmt" count="0"/>
      <metrics loc="60" ncloc="46" classes="1" methods="7" coveredmethods="0" conditionals="0" coveredconditionals="0" statements="14" coveredstatements="0" elements="21" coveredelements="0"/>
    </file>
    <file name="/app/generated/Auth/Endpoint/CreateRole.php">
      <class name="AntiPatternInc\Saasus\Sdk\Auth\Endpoint\CreateRole" namespace="global">
        <metrics complexity="14" methods="7" coveredmethods="0" conditionals="0" coveredconditionals="0" statements="14" coveredstatements="0" elements="21" coveredelements="0"/>
      </class>
      <line num="15" type="method" name="__construct" visibility="public" complexity="1" crap="2" count="0"/>
      <line num="17" type="stmt" count="0"/>
      <line num="20" type="method" name="getMethod" visibility="public" complexity="1" crap="2" count="0"/>
      <line num="22" type="stmt" count="0"/>
      <line num="24" type="method" name="getUri" visibility="public" complexity="1" crap="2" count="0"/>
      <line num="26" type="stmt" count="0"/>
      <line num="28" type="method" name="getBody" visibility="public" complexity="2" crap="6" count="0"/>
      <line num="30" type="stmt" count="0"/>
      <line num="31" type="stmt" count="0"/>
      <line num="33" type="stmt" count="0"/>
      <line num="35" type="method" name="getExtraHeaders" visibility="public" complexity="1" crap="2" count="0"/>
      <line num="37" type="stmt" count="0"/>
      <line num="46" type="method" name="transformResponseBody" visibility="protected" complexity="7" crap="56" count="0"/>
      <line num="48" type="stmt" count="0"/>
      <line num="49" type="stmt" count="0"/>
      <line num="50" type="stmt" count="0"/>
      <line num="51" type="stmt" count="0"/>
      <line num="53" type="stmt" count="0"/>
      <line num="54" type="stmt" count="0"/>
      <line num="57" type="method" name="getAuthenticationScopes" visibility="public" complexity="1" crap="2" count="0"/>
      <line num="59" type="stmt" count="0"/>
      <metrics loc="61" ncloc="46" classes="1" methods="7" coveredmethods="0" conditionals="0" coveredconditionals="0" statements="14" coveredstatements="0" elements="21" coveredelements="0"/>
    </file>
    <file name="/app/generated/Auth/Endpoint/CreateSaasUser.php">
      <class name="AntiPatternInc\Saasus\Sdk\Auth\Endpoint\CreateSaasUser" namespace="global">
        <metrics complexity="17" methods="7" coveredmethods="0" conditionals="0" coveredconditionals="0" statements="16" coveredstatements="0" elements="23" coveredelements="0"/>
      </class>
      <line num="12" type="method" name="__construct" visibility="public" complexity="1" crap="2" count="0"/>
      <line num="14" type="stmt" count="0"/>
      <line num="17" type="method" name="getMethod" visibility="public" complexity="1" crap="2" count="0"/>
      <line num="19" type="stmt" count="0"/>
      <line num="21" type="method" name="getUri" visibility="public" complexity="1" crap="2" count="0"/>
      <line num="23" type="stmt" count="0"/>
      <line num="25" type="method" name="getBody" visibility="public" complexity="2" crap="6" count="0"/>
      <line num="27" type="stmt" count="0"/>
      <line num="28" type="stmt" count="0"/>
      <line num="30" type="stmt" count="0"/>
      <line num="32" type="method" name="getExtraHeaders" visibility="public" complexity="1" crap="2" count="0"/>
      <line num="34" type="stmt" count="0"/>
      <line num="44" type="method" name="transformResponseBody" visibility="protected" complexity="10" crap="110" count="0"/>
      <line num="46" type="stmt" count="0"/>
      <line num="47" type="stmt" count="0"/>
      <line num="48" type="stmt" count="0"/>
      <line num="49" type="stmt" count="0"/>
      <line num="51" type="stmt" count="0"/>
      <line num="52" type="stmt" count="0"/>
      <line num="54" type="stmt" count="0"/>
      <line num="55" type="stmt" count="0"/>
      <line num="58" type="method" name="getAuthenticationScopes" visibility="public" complexity="1" crap="2" count="0"/>
      <line num="60" type="stmt" count="0"/>
      <metrics loc="62" ncloc="49" classes="1" methods="7" coveredmethods="0" conditionals="0" coveredconditionals="0" statements="16" coveredstatements="0" elements="23" coveredelements="0"/>
    </file>
    <file name="/app/generated/Auth/Endpoint/CreateSecretCode.php">
      <class name="AntiPatternInc\Saasus\Sdk\Auth\Endpoint\CreateSecretCode" namespace="global">
        <metrics complexity="14" methods="7" coveredmethods="0" conditionals="0" coveredconditionals="0" statements="15" coveredstatements="0" elements="22" coveredelements="0"/>
      </class>
      <line num="14" type="method" name="__construct" visibility="public" complexity="1" crap="2" count="0"/>
      <line num="16" type="stmt" count="0"/>
      <line num="17" type="stmt" count="0"/>
      <line num="20" type="method" name="getMethod" visibility="public" complexity="1" crap="2" count="0"/>
      <line num="22" type="stmt" count="0"/>
      <line num="24" type="method" name="getUri" visibility="public" complexity="1" crap="2" count="0"/>
      <line num="26" type="stmt" count="0"/>
      <line num="28" type="method" name="getBody" visibility="public" complexity="2" crap="6" count="0"/>
      <line num="30" type="stmt" count="0"/>
      <line num="31" type="stmt" count="0"/>
      <line num="33" type="stmt" count="0"/>
      <line num="35" type="method" name="getExtraHeaders" visibility="public" complexity="1" crap="2" count="0"/>
      <line num="37" type="stmt" count="0"/>
      <line num="46" type="method" name="transformResponseBody" visibility="protected" complexity="7" crap="56" count="0"/>
      <line num="48" type="stmt" count="0"/>
      <line num="49" type="stmt" count="0"/>
      <line num="50" type="stmt" count="0"/>
      <line num="51" type="stmt" count="0"/>
      <line num="53" type="stmt" count="0"/>
      <line num="54" type="stmt" count="0"/>
      <line num="57" type="method" name="getAuthenticationScopes" visibility="public" complexity="1" crap="2" count="0"/>
      <line num="59" type="stmt" count="0"/>
      <metrics loc="61" ncloc="48" classes="1" methods="7" coveredmethods="0" conditionals="0" coveredconditionals="0" statements="15" coveredstatements="0" elements="22" coveredelements="0"/>
    </file>
    <file name="/app/generated/Auth/Endpoint/CreateTenant.php">
      <class name="AntiPatternInc\Saasus\Sdk\Auth\Endpoint\CreateTenant" namespace="global">
        <metrics complexity="14" methods="7" coveredmethods="5" conditionals="0" coveredconditionals="0" statements="14" coveredstatements="11" elements="21" coveredelements="16"/>
      </class>
      <line num="12" type="method" name="__construct" visibility="public" complexity="1" crap="1" count="3"/>
      <line num="14" type="stmt" count="3"/>
      <line num="17" type="method" name="getMethod" visibility="public" complexity="1" crap="1" count="3"/>
      <line num="19" type="stmt" count="3"/>
      <line num="21" type="method" name="getUri" visibility="public" complexity="1" crap="1" count="3"/>
      <line num="23" type="stmt" count="3"/>
      <line num="25" type="method" name="getBody" visibility="public" complexity="2" crap="2.15" count="3"/>
      <line num="27" type="stmt" count="3"/>
      <line num="28" type="stmt" count="3"/>
      <line num="30" type="stmt" count="0"/>
      <line num="32" type="method" name="getExtraHeaders" visibility="public" complexity="1" crap="1" count="3"/>
      <line num="34" type="stmt" count="3"/>
      <line num="43" type="method" name="transformResponseBody" visibility="protected" complexity="7" crap="8.81" count="3"/>
      <line num="45" type="stmt" count="3"/>
      <line num="46" type="stmt" count="3"/>
      <line num="47" type="stmt" count="3"/>
      <line num="48" type="stmt" count="3"/>
      <line num="50" type="stmt" count="0"/>
      <line num="51" type="stmt" count="0"/>
      <line num="54" type="method" name="getAuthenticationScopes" visibility="public" complexity="1" crap="1" count="3"/>
      <line num="56" type="stmt" count="3"/>
      <metrics loc="58" ncloc="46" classes="1" methods="7" coveredmethods="5" conditionals="0" coveredconditionals="0" statements="14" coveredstatements="11" elements="21" coveredelements="16"/>
    </file>
    <file name="/app/generated/Auth/Endpoint/CreateTenantAndPricing.php">
      <class name="AntiPatternInc\Saasus\Sdk\Auth\Endpoint\CreateTenantAndPricing" namespace="global">
        <metrics complexity="10" methods="6" coveredmethods="0" conditionals="0" coveredconditionals="0" statements="11" coveredstatements="0" elements="17" coveredelements="0"/>
      </class>
      <line num="8" type="method" name="getMethod" visibility="public" complexity="1" crap="2" count="0"/>
      <line num="10" type="stmt" count="0"/>
      <line num="12" type="method" name="getUri" visibility="public" complexity="1" crap="2" count="0"/>
      <line num="14" type="stmt" count="0"/>
      <line num="16" type="method" name="getBody" visibility="public" complexity="1" crap="2" count="0"/>
      <line num="18" type="stmt" count="0"/>
      <line num="20" type="method" name="getExtraHeaders" visibility="public" complexity="1" crap="2" count="0"/>
      <line num="22" type="stmt" count="0"/>
      <line num="31" type="method" name="transformResponseBody" visibility="protected" complexity="5" crap="30" count="0"/>
      <line num="33" type="stmt" count="0"/>
      <line num="34" type="stmt" count="0"/>
      <line num="35" type="stmt" count="0"/>
      <line num="36" type="stmt" count="0"/>
      <line num="38" type="stmt" count="0"/>
      <line num="39" type="stmt" count="0"/>
      <line num="42" type="method" name="getAuthenticationScopes" visibility="public" complexity="1" crap="2" count="0"/>
      <line num="44" type="stmt" count="0"/>
      <metrics loc="46" ncloc="39" classes="1" methods="6" coveredmethods="0" conditionals="0" coveredconditionals="0" statements="11" coveredstatements="0" elements="17" coveredelements="0"/>
    </file>
    <file name="/app/generated/Auth/Endpoint/CreateTenantAttribute.php">
      <class name="AntiPatternInc\Saasus\Sdk\Auth\Endpoint\CreateTenantAttribute" namespace="global">
        <metrics complexity="14" methods="7" coveredmethods="0" conditionals="0" coveredconditionals="0" statements="14" coveredstatements="0" elements="21" coveredelements="0"/>
      </class>
      <line num="14" type="method" name="__construct" visibility="public" complexity="1" crap="2" count="0"/>
      <line num="16" type="stmt" count="0"/>
      <line num="19" type="method" name="getMethod" visibility="public" complexity="1" crap="2" count="0"/>
      <line num="21" type="stmt" count="0"/>
      <line num="23" type="method" name="getUri" visibility="public" complexity="1" crap="2" count="0"/>
      <line num="25" type="stmt" count="0"/>
      <line num="27" type="method" name="getBody" visibility="public" complexity="2" crap="6" count="0"/>
      <line num="29" type="stmt" count="0"/>
      <line num="30" type="stmt" count="0"/>
      <line num="32" type="stmt" count="0"/>
      <line num="34" type="method" name="getExtraHeaders" visibility="public" complexity="1" crap="2" count="0"/>
      <line num="36" type="stmt" count="0"/>
      <line num="45" type="method" name="transformResponseBody" visibility="protected" complexity="7" crap="56" count="0"/>
      <line num="47" type="stmt" count="0"/>
      <line num="48" type="stmt" count="0"/>
      <line num="49" type="stmt" count="0"/>
      <line num="50" type="stmt" count="0"/>
      <line num="52" type="stmt" count="0"/>
      <line num="53" type="stmt" count="0"/>
      <line num="56" type="method" name="getAuthenticationScopes" visibility="public" complexity="1" crap="2" count="0"/>
      <line num="58" type="stmt" count="0"/>
      <metrics loc="60" ncloc="46" classes="1" methods="7" coveredmethods="0" conditionals="0" coveredconditionals="0" statements="14" coveredstatements="0" elements="21" coveredelements="0"/>
    </file>
    <file name="/app/generated/Auth/Endpoint/CreateTenantInvitation.php">
      <class name="AntiPatternInc\Saasus\Sdk\Auth\Endpoint\CreateTenantInvitation" namespace="global">
        <metrics complexity="17" methods="7" coveredmethods="0" conditionals="0" coveredconditionals="0" statements="17" coveredstatements="0" elements="24" coveredelements="0"/>
      </class>
      <line num="14" type="method" name="__construct" visibility="public" complexity="1" crap="2" count="0"/>
      <line num="16" type="stmt" count="0"/>
      <line num="17" type="stmt" count="0"/>
      <line num="20" type="method" name="getMethod" visibility="public" complexity="1" crap="2" count="0"/>
      <line num="22" type="stmt" count="0"/>
      <line num="24" type="method" name="getUri" visibility="public" complexity="1" crap="2" count="0"/>
      <line num="26" type="stmt" count="0"/>
      <line num="28" type="method" name="getBody" visibility="public" complexity="2" crap="6" count="0"/>
      <line num="30" type="stmt" count="0"/>
      <line num="31" type="stmt" count="0"/>
      <line num="33" type="stmt" count="0"/>
      <line num="35" type="method" name="getExtraHeaders" visibility="public" complexity="1" crap="2" count="0"/>
      <line num="37" type="stmt" count="0"/>
      <line num="47" type="method" name="transformResponseBody" visibility="protected" complexity="10" crap="110" count="0"/>
      <line num="49" type="stmt" count="0"/>
      <line num="50" type="stmt" count="0"/>
      <line num="51" type="stmt" count="0"/>
      <line num="52" type="stmt" count="0"/>
      <line num="54" type="stmt" count="0"/>
      <line num="55" type="stmt" count="0"/>
      <line num="57" type="stmt" count="0"/>
      <line num="58" type="stmt" count="0"/>
      <line num="61" type="method" name="getAuthenticationScopes" visibility="public" complexity="1" crap="2" count="0"/>
      <line num="63" type="stmt" count="0"/>
      <metrics loc="65" ncloc="51" classes="1" methods="7" coveredmethods="0" conditionals="0" coveredconditionals="0" statements="17" coveredstatements="0" elements="24" coveredelements="0"/>
    </file>
    <file name="/app/generated/Auth/Endpoint/CreateTenantUser.php">
      <class name="AntiPatternInc\Saasus\Sdk\Auth\Endpoint\CreateTenantUser" namespace="global">
        <metrics complexity="14" methods="7" coveredmethods="0" conditionals="0" coveredconditionals="0" statements="15" coveredstatements="0" elements="22" coveredelements="0"/>
      </class>
      <line num="16" type="method" name="__construct" visibility="public" complexity="1" crap="2" count="0"/>
      <line num="18" type="stmt" count="0"/>
      <line num="19" type="stmt" count="0"/>
      <line num="22" type="method" name="getMethod" visibility="public" complexity="1" crap="2" count="0"/>
      <line num="24" type="stmt" count="0"/>
      <line num="26" type="method" name="getUri" visibility="public" complexity="1" crap="2" count="0"/>
      <line num="28" type="stmt" count="0"/>
      <line num="30" type="method" name="getBody" visibility="public" complexity="2" crap="6" count="0"/>
      <line num="32" type="stmt" count="0"/>
      <line num="33" type="stmt" count="0"/>
      <line num="35" type="stmt" count="0"/>
      <line num="37" type="method" name="getExtraHeaders" visibility="public" complexity="1" crap="2" count="0"/>
      <line num="39" type="stmt" count="0"/>
      <line num="48" type="method" name="transformResponseBody" visibility="protected" complexity="7" crap="56" count="0"/>
      <line num="50" type="stmt" count="0"/>
      <line num="51" type="stmt" count="0"/>
      <line num="52" type="stmt" count="0"/>
      <line num="53" type="stmt" count="0"/>
      <line num="55" type="stmt" count="0"/>
      <line num="56" type="stmt" count="0"/>
      <line num="59" type="method" name="getAuthenticationScopes" visibility="public" complexity="1" crap="2" count="0"/>
      <line num="61" type="stmt" count="0"/>
      <metrics loc="63" ncloc="48" classes="1" methods="7" coveredmethods="0" conditionals="0" coveredconditionals="0" statements="15" coveredstatements="0" elements="22" coveredelements="0"/>
    </file>
    <file name="/app/generated/Auth/Endpoint/CreateTenantUserRoles.php">
      <class name="AntiPatternInc\Saasus\Sdk\Auth\Endpoint\CreateTenantUserRoles" namespace="global">
        <metrics complexity="12" methods="7" coveredmethods="0" conditionals="0" coveredconditionals="0" statements="17" coveredstatements="0" elements="24" coveredelements="0"/>
      </class>
      <line num="18" type="method" name="__construct" visibility="public" complexity="1" crap="2" count="0"/>
      <line num="20" type="stmt" count="0"/>
      <line num="21" type="stmt" count="0"/>
      <line num="22" type="stmt" count="0"/>
      <line num="23" type="stmt" count="0"/>
      <line num="26" type="method" name="getMethod" visibility="public" complexity="1" crap="2" count="0"/>
      <line num="28" type="stmt" count="0"/>
      <line num="30" type="method" name="getUri" visibility="public" complexity="1" crap="2" count="0"/>
      <line num="32" type="stmt" count="0"/>
      <line num="34" type="method" name="getBody" visibility="public" complexity="2" crap="6" count="0"/>
      <line num="36" type="stmt" count="0"/>
      <line num="37" type="stmt" count="0"/>
      <line num="39" type="stmt" count="0"/>
      <line num="41" type="method" name="getExtraHeaders" visibility="public" complexity="1" crap="2" count="0"/>
      <line num="43" type="stmt" count="0"/>
      <line num="52" type="method" name="transformResponseBody" visibility="protected" complexity="5" crap="30" count="0"/>
      <line num="54" type="stmt" count="0"/>
      <line num="55" type="stmt" count="0"/>
      <line num="56" type="stmt" count="0"/>
      <line num="57" type="stmt" count="0"/>
      <line num="59" type="stmt" count="0"/>
      <line num="60" type="stmt" count="0"/>
      <line num="63" type="method" name="getAuthenticationScopes" visibility="public" complexity="1" crap="2" count="0"/>
      <line num="65" type="stmt" count="0"/>
      <metrics loc="67" ncloc="52" classes="1" methods="7" coveredmethods="0" conditionals="0" coveredconditionals="0" statements="17" coveredstatements="0" elements="24" coveredelements="0"/>
    </file>
    <file name="/app/generated/Auth/Endpoint/CreateUserAttribute.php">
      <class name="AntiPatternInc\Saasus\Sdk\Auth\Endpoint\CreateUserAttribute" namespace="global">
        <metrics complexity="14" methods="7" coveredmethods="0" conditionals="0" coveredconditionals="0" statements="14" coveredstatements="0" elements="21" coveredelements="0"/>
      </class>
      <line num="15" type="method" name="__construct" visibility="public" complexity="1" crap="2" count="0"/>
      <line num="17" type="stmt" count="0"/>
      <line num="20" type="method" name="getMethod" visibility="public" complexity="1" crap="2" count="0"/>
      <line num="22" type="stmt" count="0"/>
      <line num="24" type="method" name="getUri" visibility="public" complexity="1" crap="2" count="0"/>
      <line num="26" type="stmt" count="0"/>
      <line num="28" type="method" name="getBody" visibility="public" complexity="2" crap="6" count="0"/>
      <line num="30" type="stmt" count="0"/>
      <line num="31" type="stmt" count="0"/>
      <line num="33" type="stmt" count="0"/>
      <line num="35" type="method" name="getExtraHeaders" visibility="public" complexity="1" crap="2" count="0"/>
      <line num="37" type="stmt" count="0"/>
      <line num="46" type="method" name="transformResponseBody" visibility="protected" complexity="7" crap="56" count="0"/>
      <line num="48" type="stmt" count="0"/>
      <line num="49" type="stmt" count="0"/>
      <line num="50" type="stmt" count="0"/>
      <line num="51" type="stmt" count="0"/>
      <line num="53" type="stmt" count="0"/>
      <line num="54" type="stmt" count="0"/>
      <line num="57" type="method" name="getAuthenticationScopes" visibility="public" complexity="1" crap="2" count="0"/>
      <line num="59" type="stmt" count="0"/>
      <metrics loc="61" ncloc="46" classes="1" methods="7" coveredmethods="0" conditionals="0" coveredconditionals="0" statements="14" coveredstatements="0" elements="21" coveredelements="0"/>
    </file>
    <file name="/app/generated/Auth/Endpoint/DeleteEnv.php">
      <class name="AntiPatternInc\Saasus\Sdk\Auth\Endpoint\DeleteEnv" namespace="global">
        <metrics complexity="14" methods="7" coveredmethods="0" conditionals="0" coveredconditionals="0" statements="14" coveredstatements="0" elements="21" coveredelements="0"/>
      </class>
      <line num="13" type="method" name="__construct" visibility="public" complexity="1" crap="2" count="0"/>
      <line num="15" type="stmt" count="0"/>
      <line num="18" type="method" name="getMethod" visibility="public" complexity="1" crap="2" count="0"/>
      <line num="20" type="stmt" count="0"/>
      <line num="22" type="method" name="getUri" visibility="public" complexity="1" crap="2" count="0"/>
      <line num="24" type="stmt" count="0"/>
      <line num="26" type="method" name="getBody" visibility="public" complexity="1" crap="2" count="0"/>
      <line num="28" type="stmt" count="0"/>
      <line num="30" type="method" name="getExtraHeaders" visibility="public" complexity="1" crap="2" count="0"/>
      <line num="32" type="stmt" count="0"/>
      <line num="42" type="method" name="transformResponseBody" visibility="protected" complexity="8" crap="72" count="0"/>
      <line num="44" type="stmt" count="0"/>
      <line num="45" type="stmt" count="0"/>
      <line num="46" type="stmt" count="0"/>
      <line num="47" type="stmt" count="0"/>
      <line num="49" type="stmt" count="0"/>
      <line num="50" type="stmt" count="0"/>
      <line num="52" type="stmt" count="0"/>
      <line num="53" type="stmt" count="0"/>
      <line num="56" type="method" name="getAuthenticationScopes" visibility="public" complexity="1" crap="2" count="0"/>
      <line num="58" type="stmt" count="0"/>
      <metrics loc="60" ncloc="47" classes="1" methods="7" coveredmethods="0" conditionals="0" coveredconditionals="0" statements="14" coveredstatements="0" elements="21" coveredelements="0"/>
    </file>
    <file name="/app/generated/Auth/Endpoint/DeleteRole.php">
      <class name="AntiPatternInc\Saasus\Sdk\Auth\Endpoint\DeleteRole" namespace="global">
        <metrics complexity="17" methods="7" coveredmethods="0" conditionals="0" coveredconditionals="0" statements="16" coveredstatements="0" elements="23" coveredelements="0"/>
      </class>
      <line num="13" type="method" name="__construct" visibility="public" complexity="1" crap="2" count="0"/>
      <line num="15" type="stmt" count="0"/>
      <line num="18" type="method" name="getMethod" visibility="public" complexity="1" crap="2" count="0"/>
      <line num="20" type="stmt" count="0"/>
      <line num="22" type="method" name="getUri" visibility="public" complexity="1" crap="2" count="0"/>
      <line num="24" type="stmt" count="0"/>
      <line num="26" type="method" name="getBody" visibility="public" complexity="1" crap="2" count="0"/>
      <line num="28" type="stmt" count="0"/>
      <line num="30" type="method" name="getExtraHeaders" visibility="public" complexity="1" crap="2" count="0"/>
      <line num="32" type="stmt" count="0"/>
      <line num="43" type="method" name="transformResponseBody" visibility="protected" complexity="11" crap="132" count="0"/>
      <line num="45" type="stmt" count="0"/>
      <line num="46" type="stmt" count="0"/>
      <line num="47" type="stmt" count="0"/>
      <line num="48" type="stmt" count="0"/>
      <line num="50" type="stmt" count="0"/>
      <line num="51" type="stmt" count="0"/>
      <line num="53" type="stmt" count="0"/>
      <line num="54" type="stmt" count="0"/>
      <line num="56" type="stmt" count="0"/>
      <line num="57" type="stmt" count="0"/>
      <line num="60" type="method" name="getAuthenticationScopes" visibility="public" complexity="1" crap="2" count="0"/>
      <line num="62" type="stmt" count="0"/>
      <metrics loc="64" ncloc="50" classes="1" methods="7" coveredmethods="0" conditionals="0" coveredconditionals="0" statements="16" coveredstatements="0" elements="23" coveredelements="0"/>
    </file>
    <file name="/app/generated/Auth/Endpoint/DeleteSaasUser.php">
      <class name="AntiPatternInc\Saasus\Sdk\Auth\Endpoint\DeleteSaasUser" namespace="global">
        <metrics complexity="14" methods="7" coveredmethods="0" conditionals="0" coveredconditionals="0" statements="14" coveredstatements="0" elements="21" coveredelements="0"/>
      </class>
      <line num="13" type="method" name="__construct" visibility="public" complexity="1" crap="2" count="0"/>
      <line num="15" type="stmt" count="0"/>
      <line num="18" type="method" name="getMethod" visibility="public" complexity="1" crap="2" count="0"/>
      <line num="20" type="stmt" count="0"/>
      <line num="22" type="method" name="getUri" visibility="public" complexity="1" crap="2" count="0"/>
      <line num="24" type="stmt" count="0"/>
      <line num="26" type="method" name="getBody" visibility="public" complexity="1" crap="2" count="0"/>
      <line num="28" type="stmt" count="0"/>
      <line num="30" type="method" name="getExtraHeaders" visibility="public" complexity="1" crap="2" count="0"/>
      <line num="32" type="stmt" count="0"/>
      <line num="42" type="method" name="transformResponseBody" visibility="protected" complexity="8" crap="72" count="0"/>
      <line num="44" type="stmt" count="0"/>
      <line num="45" type="stmt" count="0"/>
      <line num="46" type="stmt" count="0"/>
      <line num="47" type="stmt" count="0"/>
      <line num="49" type="stmt" count="0"/>
      <line num="50" type="stmt" count="0"/>
      <line num="52" type="stmt" count="0"/>
      <line num="53" type="stmt" count="0"/>
      <line num="56" type="method" name="getAuthenticationScopes" visibility="public" complexity="1" crap="2" count="0"/>
      <line num="58" type="stmt" count="0"/>
      <metrics loc="60" ncloc="47" classes="1" methods="7" coveredmethods="0" conditionals="0" coveredconditionals="0" statements="14" coveredstatements="0" elements="21" coveredelements="0"/>
    </file>
    <file name="/app/generated/Auth/Endpoint/DeleteStripeTenantAndPricing.php">
      <class name="AntiPatternInc\Saasus\Sdk\Auth\Endpoint\DeleteStripeTenantAndPricing" namespace="global">
        <metrics complexity="10" methods="6" coveredmethods="0" conditionals="0" coveredconditionals="0" statements="11" coveredstatements="0" elements="17" coveredelements="0"/>
      </class>
      <line num="8" type="method" name="getMethod" visibility="public" complexity="1" crap="2" count="0"/>
      <line num="10" type="stmt" count="0"/>
      <line num="12" type="method" name="getUri" visibility="public" complexity="1" crap="2" count="0"/>
      <line num="14" type="stmt" count="0"/>
      <line num="16" type="method" name="getBody" visibility="public" complexity="1" crap="2" count="0"/>
      <line num="18" type="stmt" count="0"/>
      <line num="20" type="method" name="getExtraHeaders" visibility="public" complexity="1" crap="2" count="0"/>
      <line num="22" type="stmt" count="0"/>
      <line num="31" type="method" name="transformResponseBody" visibility="protected" complexity="5" crap="30" count="0"/>
      <line num="33" type="stmt" count="0"/>
      <line num="34" type="stmt" count="0"/>
      <line num="35" type="stmt" count="0"/>
      <line num="36" type="stmt" count="0"/>
      <line num="38" type="stmt" count="0"/>
      <line num="39" type="stmt" count="0"/>
      <line num="42" type="method" name="getAuthenticationScopes" visibility="public" complexity="1" crap="2" count="0"/>
      <line num="44" type="stmt" count="0"/>
      <metrics loc="46" ncloc="39" classes="1" methods="6" coveredmethods="0" conditionals="0" coveredconditionals="0" statements="11" coveredstatements="0" elements="17" coveredelements="0"/>
    </file>
    <file name="/app/generated/Auth/Endpoint/DeleteTenant.php">
      <class name="AntiPatternInc\Saasus\Sdk\Auth\Endpoint\DeleteTenant" namespace="global">
        <metrics complexity="11" methods="7" coveredmethods="6" conditionals="0" coveredconditionals="0" statements="12" coveredstatements="10" elements="19" coveredelements="16"/>
      </class>
      <line num="13" type="method" name="__construct" visibility="public" complexity="1" crap="1" count="3"/>
      <line num="15" type="stmt" count="3"/>
      <line num="18" type="method" name="getMethod" visibility="public" complexity="1" crap="1" count="3"/>
      <line num="20" type="stmt" count="3"/>
      <line num="22" type="method" name="getUri" visibility="public" complexity="1" crap="1" count="3"/>
      <line num="24" type="stmt" count="3"/>
      <line num="26" type="method" name="getBody" visibility="public" complexity="1" crap="1" count="3"/>
      <line num="28" type="stmt" count="3"/>
      <line num="30" type="method" name="getExtraHeaders" visibility="public" complexity="1" crap="1" count="3"/>
      <line num="32" type="stmt" count="3"/>
      <line num="41" type="method" name="transformResponseBody" visibility="protected" complexity="5" crap="5.93" count="2"/>
      <line num="43" type="stmt" count="2"/>
      <line num="44" type="stmt" count="2"/>
      <line num="45" type="stmt" count="2"/>
      <line num="46" type="stmt" count="2"/>
      <line num="48" type="stmt" count="0"/>
      <line num="49" type="stmt" count="0"/>
      <line num="52" type="method" name="getAuthenticationScopes" visibility="public" complexity="1" crap="1" count="3"/>
      <line num="54" type="stmt" count="3"/>
      <metrics loc="56" ncloc="44" classes="1" methods="7" coveredmethods="6" conditionals="0" coveredconditionals="0" statements="12" coveredstatements="10" elements="19" coveredelements="16"/>
    </file>
    <file name="/app/generated/Auth/Endpoint/DeleteTenantAttribute.php">
      <class name="AntiPatternInc\Saasus\Sdk\Auth\Endpoint\DeleteTenantAttribute" namespace="global">
        <metrics complexity="14" methods="7" coveredmethods="0" conditionals="0" coveredconditionals="0" statements="14" coveredstatements="0" elements="21" coveredelements="0"/>
      </class>
      <line num="13" type="method" name="__construct" visibility="public" complexity="1" crap="2" count="0"/>
      <line num="15" type="stmt" count="0"/>
      <line num="18" type="method" name="getMethod" visibility="public" complexity="1" crap="2" count="0"/>
      <line num="20" type="stmt" count="0"/>
      <line num="22" type="method" name="getUri" visibility="public" complexity="1" crap="2" count="0"/>
      <line num="24" type="stmt" count="0"/>
      <line num="26" type="method" name="getBody" visibility="public" complexity="1" crap="2" count="0"/>
      <line num="28" type="stmt" count="0"/>
      <line num="30" type="method" name="getExtraHeaders" visibility="public" complexity="1" crap="2" count="0"/>
      <line num="32" type="stmt" count="0"/>
      <line num="42" type="method" name="transformResponseBody" visibility="protected" complexity="8" crap="72" count="0"/>
      <line num="44" type="stmt" count="0"/>
      <line num="45" type="stmt" count="0"/>
      <line num="46" type="stmt" count="0"/>
      <line num="47" type="stmt" count="0"/>
      <line num="49" type="stmt" count="0"/>
      <line num="50" type="stmt" count="0"/>
      <line num="52" type="stmt" count="0"/>
      <line num="53" type="stmt" count="0"/>
      <line num="56" type="method" name="getAuthenticationScopes" visibility="public" complexity="1" crap="2" count="0"/>
      <line num="58" type="stmt" count="0"/>
      <metrics loc="60" ncloc="47" classes="1" methods="7" coveredmethods="0" conditionals="0" coveredconditionals="0" statements="14" coveredstatements="0" elements="21" coveredelements="0"/>
    </file>
    <file name="/app/generated/Auth/Endpoint/DeleteTenantInvitation.php">
      <class name="AntiPatternInc\Saasus\Sdk\Auth\Endpoint\DeleteTenantInvitation" namespace="global">
        <metrics complexity="14" methods="7" coveredmethods="0" conditionals="0" coveredconditionals="0" statements="15" coveredstatements="0" elements="22" coveredelements="0"/>
      </class>
      <line num="15" type="method" name="__construct" visibility="public" complexity="1" crap="2" count="0"/>
      <line num="17" type="stmt" count="0"/>
      <line num="18" type="stmt" count="0"/>
      <line num="21" type="method" name="getMethod" visibility="public" complexity="1" crap="2" count="0"/>
      <line num="23" type="stmt" count="0"/>
      <line num="25" type="method" name="getUri" visibility="public" complexity="1" crap="2" count="0"/>
      <line num="27" type="stmt" count="0"/>
      <line num="29" type="method" name="getBody" visibility="public" complexity="1" crap="2" count="0"/>
      <line num="31" type="stmt" count="0"/>
      <line num="33" type="method" name="getExtraHeaders" visibility="public" complexity="1" crap="2" count="0"/>
      <line num="35" type="stmt" count="0"/>
      <line num="45" type="method" name="transformResponseBody" visibility="protected" complexity="8" crap="72" count="0"/>
      <line num="47" type="stmt" count="0"/>
      <line num="48" type="stmt" count="0"/>
      <line num="49" type="stmt" count="0"/>
      <line num="50" type="stmt" count="0"/>
      <line num="52" type="stmt" count="0"/>
      <line num="53" type="stmt" count="0"/>
      <line num="55" type="stmt" count="0"/>
      <line num="56" type="stmt" count="0"/>
      <line num="59" type="method" name="getAuthenticationScopes" visibility="public" complexity="1" crap="2" count="0"/>
      <line num="61" type="stmt" count="0"/>
      <metrics loc="63" ncloc="49" classes="1" methods="7" coveredmethods="0" conditionals="0" coveredconditionals="0" statements="15" coveredstatements="0" elements="22" coveredelements="0"/>
    </file>
    <file name="/app/generated/Auth/Endpoint/DeleteTenantUser.php">
      <class name="AntiPatternInc\Saasus\Sdk\Auth\Endpoint\DeleteTenantUser" namespace="global">
        <metrics complexity="14" methods="7" coveredmethods="0" conditionals="0" coveredconditionals="0" statements="15" coveredstatements="0" elements="22" coveredelements="0"/>
      </class>
      <line num="15" type="method" name="__construct" visibility="public" complexity="1" crap="2" count="0"/>
      <line num="17" type="stmt" count="0"/>
      <line num="18" type="stmt" count="0"/>
      <line num="21" type="method" name="getMethod" visibility="public" complexity="1" crap="2" count="0"/>
      <line num="23" type="stmt" count="0"/>
      <line num="25" type="method" name="getUri" visibility="public" complexity="1" crap="2" count="0"/>
      <line num="27" type="stmt" count="0"/>
      <line num="29" type="method" name="getBody" visibility="public" complexity="1" crap="2" count="0"/>
      <line num="31" type="stmt" count="0"/>
      <line num="33" type="method" name="getExtraHeaders" visibility="public" complexity="1" crap="2" count="0"/>
      <line num="35" type="stmt" count="0"/>
      <line num="45" type="method" name="transformResponseBody" visibility="protected" complexity="8" crap="72" count="0"/>
      <line num="47" type="stmt" count="0"/>
      <line num="48" type="stmt" count="0"/>
      <line num="49" type="stmt" count="0"/>
      <line num="50" type="stmt" count="0"/>
      <line num="52" type="stmt" count="0"/>
      <line num="53" type="stmt" count="0"/>
      <line num="55" type="stmt" count="0"/>
      <line num="56" type="stmt" count="0"/>
      <line num="59" type="method" name="getAuthenticationScopes" visibility="public" complexity="1" crap="2" count="0"/>
      <line num="61" type="stmt" count="0"/>
      <metrics loc="63" ncloc="49" classes="1" methods="7" coveredmethods="0" conditionals="0" coveredconditionals="0" statements="15" coveredstatements="0" elements="22" coveredelements="0"/>
    </file>
    <file name="/app/generated/Auth/Endpoint/DeleteTenantUserRole.php">
      <class name="AntiPatternInc\Saasus\Sdk\Auth\Endpoint\DeleteTenantUserRole" namespace="global">
        <metrics complexity="14" methods="7" coveredmethods="0" conditionals="0" coveredconditionals="0" statements="17" coveredstatements="0" elements="24" coveredelements="0"/>
      </class>
      <line num="19" type="method" name="__construct" visibility="public" complexity="1" crap="2" count="0"/>
      <line num="21" type="stmt" count="0"/>
      <line num="22" type="stmt" count="0"/>
      <line num="23" type="stmt" count="0"/>
      <line num="24" type="stmt" count="0"/>
      <line num="27" type="method" name="getMethod" visibility="public" complexity="1" crap="2" count="0"/>
      <line num="29" type="stmt" count="0"/>
      <line num="31" type="method" name="getUri" visibility="public" complexity="1" crap="2" count="0"/>
      <line num="33" type="stmt" count="0"/>
      <line num="35" type="method" name="getBody" visibility="public" complexity="1" crap="2" count="0"/>
      <line num="37" type="stmt" count="0"/>
      <line num="39" type="method" name="getExtraHeaders" visibility="public" complexity="1" crap="2" count="0"/>
      <line num="41" type="stmt" count="0"/>
      <line num="51" type="method" name="transformResponseBody" visibility="protected" complexity="8" crap="72" count="0"/>
      <line num="53" type="stmt" count="0"/>
      <line num="54" type="stmt" count="0"/>
      <line num="55" type="stmt" count="0"/>
      <line num="56" type="stmt" count="0"/>
      <line num="58" type="stmt" count="0"/>
      <line num="59" type="stmt" count="0"/>
      <line num="61" type="stmt" count="0"/>
      <line num="62" type="stmt" count="0"/>
      <line num="65" type="method" name="getAuthenticationScopes" visibility="public" complexity="1" crap="2" count="0"/>
      <line num="67" type="stmt" count="0"/>
      <metrics loc="69" ncloc="53" classes="1" methods="7" coveredmethods="0" conditionals="0" coveredconditionals="0" statements="17" coveredstatements="0" elements="24" coveredelements="0"/>
    </file>
    <file name="/app/generated/Auth/Endpoint/DeleteUserAttribute.php">
      <class name="AntiPatternInc\Saasus\Sdk\Auth\Endpoint\DeleteUserAttribute" namespace="global">
        <metrics complexity="14" methods="7" coveredmethods="0" conditionals="0" coveredconditionals="0" statements="14" coveredstatements="0" elements="21" coveredelements="0"/>
      </class>
      <line num="13" type="method" name="__construct" visibility="public" complexity="1" crap="2" count="0"/>
      <line num="15" type="stmt" count="0"/>
      <line num="18" type="method" name="getMethod" visibility="public" complexity="1" crap="2" count="0"/>
      <line num="20" type="stmt" count="0"/>
      <line num="22" type="method" name="getUri" visibility="public" complexity="1" crap="2" count="0"/>
      <line num="24" type="stmt" count="0"/>
      <line num="26" type="method" name="getBody" visibility="public" complexity="1" crap="2" count="0"/>
      <line num="28" type="stmt" count="0"/>
      <line num="30" type="method" name="getExtraHeaders" visibility="public" complexity="1" crap="2" count="0"/>
      <line num="32" type="stmt" count="0"/>
      <line num="42" type="method" name="transformResponseBody" visibility="protected" complexity="8" crap="72" count="0"/>
      <line num="44" type="stmt" count="0"/>
      <line num="45" type="stmt" count="0"/>
      <line num="46" type="stmt" count="0"/>
      <line num="47" type="stmt" count="0"/>
      <line num="49" type="stmt" count="0"/>
      <line num="50" type="stmt" count="0"/>
      <line num="52" type="stmt" count="0"/>
      <line num="53" type="stmt" count="0"/>
      <line num="56" type="method" name="getAuthenticationScopes" visibility="public" complexity="1" crap="2" count="0"/>
      <line num="58" type="stmt" count="0"/>
      <metrics loc="60" ncloc="47" classes="1" methods="7" coveredmethods="0" conditionals="0" coveredconditionals="0" statements="14" coveredstatements="0" elements="21" coveredelements="0"/>
    </file>
    <file name="/app/generated/Auth/Endpoint/FindNotificationMessages.php">
      <class name="AntiPatternInc\Saasus\Sdk\Auth\Endpoint\FindNotificationMessages" namespace="global">
        <metrics complexity="12" methods="6" coveredmethods="0" conditionals="0" coveredconditionals="0" statements="11" coveredstatements="0" elements="17" coveredelements="0"/>
      </class>
      <line num="8" type="method" name="getMethod" visibility="public" complexity="1" crap="2" count="0"/>
      <line num="10" type="stmt" count="0"/>
      <line num="12" type="method" name="getUri" visibility="public" complexity="1" crap="2" count="0"/>
      <line num="14" type="stmt" count="0"/>
      <line num="16" type="method" name="getBody" visibility="public" complexity="1" crap="2" count="0"/>
      <line num="18" type="stmt" count="0"/>
      <line num="20" type="method" name="getExtraHeaders" visibility="public" complexity="1" crap="2" count="0"/>
      <line num="22" type="stmt" count="0"/>
      <line num="31" type="method" name="transformResponseBody" visibility="protected" complexity="7" crap="56" count="0"/>
      <line num="33" type="stmt" count="0"/>
      <line num="34" type="stmt" count="0"/>
      <line num="35" type="stmt" count="0"/>
      <line num="36" type="stmt" count="0"/>
      <line num="38" type="stmt" count="0"/>
      <line num="39" type="stmt" count="0"/>
      <line num="42" type="method" name="getAuthenticationScopes" visibility="public" complexity="1" crap="2" count="0"/>
      <line num="44" type="stmt" count="0"/>
      <metrics loc="46" ncloc="39" classes="1" methods="6" coveredmethods="0" conditionals="0" coveredconditionals="0" statements="11" coveredstatements="0" elements="17" coveredelements="0"/>
    </file>
    <file name="/app/generated/Auth/Endpoint/GetAllTenantUser.php">
[...]
        <metrics complexity="5" methods="5" coveredmethods="0" conditionals="0" coveredconditionals="0" statements="9" coveredstatements="0" elements="14" coveredelements="0"/>
      </class>
      <line num="11" type="method" name="isInitialized" visibility="public" complexity="1" crap="2" count="0"/>
      <line num="13" type="stmt" count="0"/>
      <line num="40" type="method" name="getMethod" visibility="public" complexity="1" crap="2" count="0"/>
      <line num="42" type="stmt" count="0"/>
      <line num="55" type="method" name="setMethod" visibility="public" complexity="1" crap="2" count="0"/>
      <line num="57" type="stmt" count="0"/>
      <line num="58" type="stmt" count="0"/>
      <line num="59" type="stmt" count="0"/>
      <line num="66" type="method" name="getCount" visibility="public" complexity="1" crap="2" count="0"/>
      <line num="68" type="stmt" count="0"/>
      <line num="77" type="method" name="setCount" visibility="public" complexity="1" crap="2" count="0"/>
      <line num="79" type="stmt" count="0"/>
      <line num="80" type="stmt" count="0"/>
      <line num="81" type="stmt" count="0"/>
      <metrics loc="83" ncloc="34" classes="1" methods="5" coveredmethods="0" conditionals="0" coveredconditionals="0" statements="9" coveredstatements="0" elements="14" coveredelements="0"/>
    </file>
    <file name="/app/generated/Pricing/Model/UpdatePricingPlansUsedParam.php">
      <class name="AntiPatternInc\Saasus\Sdk\Pricing\Model\UpdatePricingPlansUsedParam" namespace="global">
        <metrics complexity="3" methods="3" coveredmethods="0" conditionals="0" coveredconditionals="0" statements="5" coveredstatements="0" elements="8" coveredelements="0"/>
      </class>
      <line num="11" type="method" name="isInitialized" visibility="public" complexity="1" crap="2" count="0"/>
      <line num="13" type="stmt" count="0"/>
      <line num="26" type="method" name="getPlanIds" visibility="public" complexity="1" crap="2" count="0"/>
      <line num="28" type="stmt" count="0"/>
      <line num="37" type="method" name="setPlanIds" visibility="public" complexity="1" crap="2" count="0"/>
      <line num="39" type="stmt" count="0"/>
      <line num="40" type="stmt" count="0"/>
      <line num="41" type="stmt" count="0"/>
      <metrics loc="43" ncloc="23" classes="1" methods="3" coveredmethods="0" conditionals="0" coveredconditionals="0" statements="5" coveredstatements="0" elements="8" coveredelements="0"/>
    </file>
    <file name="/app/generated/Pricing/Model/UpdateTaxRateParam.php">
      <class name="AntiPatternInc\Saasus\Sdk\Pricing\Model\UpdateTaxRateParam" namespace="global">
        <metrics complexity="5" methods="5" coveredmethods="0" conditionals="0" coveredconditionals="0" statements="9" coveredstatements="0" elements="14" coveredelements="0"/>
      </class>
      <line num="11" type="method" name="isInitialized" visibility="public" complexity="1" crap="2" count="0"/>
      <line num="13" type="stmt" count="0"/>
      <line num="32" type="method" name="getDisplayName" visibility="public" complexity="1" crap="2" count="0"/>
      <line num="34" type="stmt" count="0"/>
      <line num="43" type="method" name="setDisplayName" visibility="public" complexity="1" crap="2" count="0"/>
      <line num="45" type="stmt" count="0"/>
      <line num="46" type="stmt" count="0"/>
      <line num="47" type="stmt" count="0"/>
      <line num="54" type="method" name="getDescription" visibility="public" complexity="1" crap="2" count="0"/>
      <line num="56" type="stmt" count="0"/>
      <line num="65" type="method" name="setDescription" visibility="public" complexity="1" crap="2" count="0"/>
      <line num="67" type="stmt" count="0"/>
      <line num="68" type="stmt" count="0"/>
      <line num="69" type="stmt" count="0"/>
      <metrics loc="71" ncloc="34" classes="1" methods="5" coveredmethods="0" conditionals="0" coveredconditionals="0" statements="9" coveredstatements="0" elements="14" coveredelements="0"/>
    </file>
    <file name="/app/src/Api/Client.php">
      <class name="AntiPatternInc\Saasus\Api\Client" namespace="global">
        <metrics complexity="14" methods="9" coveredmethods="2" conditionals="0" coveredconditionals="0" statements="45" coveredstatements="34" elements="54" coveredelements="36"/>
      </class>
      <line num="38" type="method" name="__construct" visibility="public" complexity="6" crap="6.14" count="4"/>
      <line num="40" type="stmt" count="4"/>
      <line num="41" type="stmt" count="4"/>
      <line num="42" type="stmt" count="4"/>
      <line num="44" type="stmt" count="4"/>
      <line num="45" type="stmt" count="4"/>
      <line num="46" type="stmt" count="0"/>
      <line num="47" type="stmt" count="4"/>
      <line num="48" type="stmt" count="0"/>
      <line num="49" type="stmt" count="4"/>
      <line num="50" type="stmt" count="0"/>
      <line num="52" type="stmt" count="4"/>
      <line num="53" type="stmt" count="0"/>
      <line num="55" type="stmt" count="4"/>
      <line num="56" type="stmt" count="4"/>
      <line num="57" type="stmt" count="0"/>
      <line num="60" type="stmt" count="4"/>
      <line num="61" type="stmt" count="4"/>
      <line num="63" type="stmt" count="4"/>
      <line num="64" type="stmt" count="4"/>
      <line num="65" type="stmt" count="4"/>
      <line num="66" type="stmt" count="4"/>
      <line num="67" type="stmt" count="4"/>
      <line num="68" type="stmt" count="4"/>
      <line num="69" type="stmt" count="4"/>
      <line num="72" type="stmt" count="4"/>
      <line num="81" type="stmt" count="4"/>
      <line num="82" type="stmt" count="4"/>
      <line num="83" type="stmt" count="4"/>
      <line num="84" type="stmt" count="4"/>
      <line num="85" type="stmt" count="4"/>
      <line num="86" type="stmt" count="4"/>
      <line num="87" type="stmt" count="4"/>
      <line num="90" type="method" name="createApiClient" visibility="protected" complexity="1" crap="1" count="4"/>
      <line num="92" type="stmt" count="4"/>
      <line num="93" type="stmt" count="4"/>
      <line num="94" type="stmt" count="4"/>
      <line num="95" type="stmt" count="4"/>
      <line num="96" type="stmt" count="4"/>
      <line num="97" type="stmt" count="4"/>
      <line num="100" type="method" name="getAuthClient" visibility="public" complexity="1" crap="1" count="4"/>
      <line num="102" type="stmt" count="4"/>
      <line num="105" type="method" name="getBllingClient" visibility="public" complexity="1" crap="2" count="0"/>
      <line num="107" type="stmt" count="0"/>
      <line num="110" type="method" name="getPricingClient" visibility="public" complexity="1" crap="2" count="0"/>
      <line num="112" type="stmt" count="0"/>
      <line num="115" type="method" name="getIntegrationClient" visibility="public" complexity="1" crap="2" count="0"/>
      <line num="117" type="stmt" count="0"/>
      <line num="120" type="method" name="getAwsMarketplaceClient" visibility="public" complexity="1" crap="2" count="0"/>
      <line num="122" type="stmt" count="0"/>
      <line num="125" type="method" name="getCommunicationClient" visibility="public" complexity="1" crap="2" count="0"/>
      <line num="127" type="stmt" count="0"/>
      <line num="130" type="method" name="getApiLogClient" visibility="public" complexity="1" crap="2" count="0"/>
      <line num="132" type="stmt" count="0"/>
      <metrics loc="135" ncloc="135" classes="1" methods="9" coveredmethods="2" conditionals="0" coveredconditionals="0" statements="45" coveredstatements="34" elements="54" coveredelements="36"/>
    </file>
    <file name="/app/src/Api/GuzzleMiddleware.php">
      <class name="AntiPatternInc\Saasus\Api\GuzzleMiddleware" namespace="global">
        <metrics complexity="10" methods="4" coveredmethods="2" conditionals="0" coveredconditionals="0" statements="33" coveredstatements="29" elements="37" coveredelements="31"/>
      </class>
      <line num="15" type="method" name="__construct" visibility="public" complexity="1" crap="1" count="4"/>
      <line num="17" type="stmt" count="4"/>
      <line num="18" type="stmt" count="4"/>
      <line num="19" type="stmt" count="4"/>
      <line num="20" type="stmt" count="4"/>
      <line num="21" type="stmt" count="4"/>
      <line num="24" type="method" name="__invoke" visibility="public" complexity="1" crap="1" count="4"/>
      <line num="26" type="stmt" count="4"/>
      <line num="27" type="stmt" count="4"/>
      <line num="30" type="method" name="execute" visibility="public" complexity="3" crap="3.02" count="4"/>
      <line num="32" type="stmt" count="4"/>
      <line num="33" type="stmt" count="4"/>
      <line num="34" type="stmt" count="4"/>
      <line num="35" type="stmt" count="4"/>
      <line num="36" type="stmt" count="4"/>
      <line num="37" type="stmt" count="4"/>
      <line num="38" type="stmt" count="4"/>
      <line num="39" type="stmt" count="4"/>
      <line num="40" type="stmt" count="4"/>
      <line num="42" type="stmt" count="4"/>
      <line num="43" type="stmt" count="4"/>
      <line num="44" type="stmt" count="0"/>
      <line num="46" type="stmt" count="4"/>
      <line num="47" type="stmt" count="0"/>
      <line num="50" type="stmt" count="4"/>
      <line num="53" type="method" name="getSignAsHeader" visibility="public" complexity="5" crap="5.15" count="4"/>
      <line num="64" type="stmt" count="4"/>
      <line num="65" type="stmt" count="0"/>
      <line num="68" type="stmt" count="4"/>
      <line num="70" type="stmt" count="4"/>
      <line num="71" type="stmt" count="4"/>
      <line num="72" type="stmt" count="4"/>
      <line num="73" type="stmt" count="0"/>
      <line num="75" type="stmt" count="4"/>
      <line num="77" type="stmt" count="4"/>
      <line num="79" type="stmt" count="4"/>
      <line num="86" type="stmt" count="4"/>
      <metrics loc="89" ncloc="89" classes="1" methods="4" coveredmethods="2" conditionals="0" coveredconditionals="0" statements="33" coveredstatements="29" elements="37" coveredelements="31"/>
    </file>
    <file name="/app/src/Api/Lib.php">
      <class name="AntiPatternInc\Saasus\Api\Lib" namespace="global">
        <metrics complexity="5" methods="1" coveredmethods="0" conditionals="0" coveredconditionals="0" statements="8" coveredstatements="0" elements="9" coveredelements="0"/>
      </class>
      <line num="8" type="method" name="findUpperCountByMeteringUnitName" visibility="public" complexity="5" crap="30" count="0"/>
      <line num="10" type="stmt" count="0"/>
      <line num="11" type="stmt" count="0"/>
      <line num="12" type="stmt" count="0"/>
      <line num="13" type="stmt" count="0"/>
      <line num="14" type="stmt" count="0"/>
      <line num="15" type="stmt" count="0"/>
      <line num="16" type="stmt" count="0"/>
      <line num="21" type="stmt" count="0"/>
      <metrics loc="24" ncloc="24" classes="1" methods="1" coveredmethods="0" conditionals="0" coveredconditionals="0" statements="8" coveredstatements="0" elements="9" coveredelements="0"/>
    </file>
    <file name="/app/src/Laravel/Controllers/CallbackApiController.php">
      <class name="AntiPatternInc\Saasus\Laravel\Controllers\CallbackApiController" namespace="global">
        <metrics complexity="6" methods="1" coveredmethods="0" conditionals="0" coveredconditionals="0" statements="26" coveredstatements="0" elements="27" coveredelements="0"/>
      </class>
      <line num="21" type="method" name="index" visibility="public" complexity="6" crap="42" count="0"/>
      <line num="23" type="stmt" count="0"/>
      <line num="24" type="stmt" count="0"/>
      <line num="26" type="stmt" count="0"/>
      <line num="27" type="stmt" count="0"/>
      <line num="28" type="stmt" count="0"/>
      <line num="29" type="stmt" count="0"/>
      <line num="30" type="stmt" count="0"/>
      <line num="32" type="stmt" count="0"/>
      <line num="33" type="stmt" count="0"/>
      <line num="34" type="stmt" count="0"/>
      <line num="36" type="stmt" count="0"/>
      <line num="37" type="stmt" count="0"/>
      <line num="43" type="stmt" count="0"/>
      <line num="44" type="stmt" count="0"/>
      <line num="45" type="stmt" count="0"/>
      <line num="46" type="stmt" count="0"/>
      <line num="47" type="stmt" count="0"/>
      <line num="48" type="stmt" count="0"/>
      <line num="49" type="stmt" count="0"/>
      <line num="50" type="stmt" count="0"/>
      <line num="51" type="stmt" count="0"/>
      <line num="52" type="stmt" count="0"/>
      <line num="54" type="stmt" count="0"/>
      <line num="55" type="stmt" count="0"/>
      <line num="57" type="stmt" count="0"/>
      <line num="58" type="stmt" count="0"/>
      <metrics loc="62" ncloc="62" classes="1" methods="1" coveredmethods="0" conditionals="0" coveredconditionals="0" statements="26" coveredstatements="0" elements="27" coveredelements="0"/>
    </file>
    <file name="/app/src/Laravel/Controllers/CallbackController.php">
      <class name="AntiPatternInc\Saasus\Laravel\Controllers\CallbackController" namespace="global">
        <metrics complexity="5" methods="1" coveredmethods="0" conditionals="0" coveredconditionals="0" statements="24" coveredstatements="0" elements="25" coveredelements="0"/>
      </class>
      <line num="20" type="method" name="index" visibility="public" complexity="5" crap="30" count="0"/>
      <line num="22" type="stmt" count="0"/>
      <line num="23" type="stmt" count="0"/>
      <line num="25" type="stmt" count="0"/>
      <line num="26" type="stmt" count="0"/>
      <line num="27" type="stmt" count="0"/>
      <line num="28" type="stmt" count="0"/>
      <line num="29" type="stmt" count="0"/>
      <line num="30" type="stmt" count="0"/>
      <line num="32" type="stmt" count="0"/>
      <line num="33" type="stmt" count="0"/>
      <line num="34" type="stmt" count="0"/>
      <line num="35" type="stmt" count="0"/>
      <line num="36" type="stmt" count="0"/>
      <line num="37" type="stmt" count="0"/>
      <line num="38" type="stmt" count="0"/>
      <line num="39" type="stmt" count="0"/>
      <line num="40" type="stmt" count="0"/>
      <line num="42" type="stmt" count="0"/>
      <line num="43" type="stmt" count="0"/>
      <line num="45" type="stmt" count="0"/>
      <line num="46" type="stmt" count="0"/>
      <line num="48" type="stmt" count="0"/>
      <line num="56" type="stmt" count="0"/>
      <line num="62" type="stmt" count="0"/>
      <metrics loc="65" ncloc="61" classes="1" methods="1" coveredmethods="0" conditionals="0" coveredconditionals="0" statements="24" coveredstatements="0" elements="25" coveredelements="0"/>
    </file>
    <file name="/app/src/Laravel/Controllers/TokenRefreshApiController.php">
      <class name="AntiPatternInc\Saasus\Laravel\Controllers\TokenRefreshApiController" namespace="global">
        <metrics complexity="7" methods="1" coveredmethods="0" conditionals="0" coveredconditionals="0" statements="23" coveredstatements="0" elements="24" coveredelements="0"/>
      </class>
      <line num="22" type="method" name="index" visibility="public" complexity="7" crap="56" count="0"/>
      <line num="24" type="stmt" count="0"/>
      <line num="25" type="stmt" count="0"/>
      <line num="26" type="stmt" count="0"/>
      <line num="28" type="stmt" count="0"/>
      <line num="29" type="stmt" count="0"/>
      <line num="30" type="stmt" count="0"/>
      <line num="31" type="stmt" count="0"/>
      <line num="34" type="stmt" count="0"/>
      <line num="35" type="stmt" count="0"/>
      <line num="36" type="stmt" count="0"/>
      <line num="38" type="stmt" count="0"/>
      <line num="39" type="stmt" count="0"/>
      <line num="40" type="stmt" count="0"/>
      <line num="41" type="stmt" count="0"/>
      <line num="42" type="stmt" count="0"/>
      <line num="43" type="stmt" count="0"/>
      <line num="44" type="stmt" count="0"/>
      <line num="45" type="stmt" count="0"/>
      <line num="46" type="stmt" count="0"/>
      <line num="48" type="stmt" count="0"/>
      <line num="49" type="stmt" count="0"/>
      <line num="51" type="stmt" count="0"/>
      <line num="52" type="stmt" count="0"/>
      <metrics loc="56" ncloc="56" classes="1" methods="1" coveredmethods="0" conditionals="0" coveredconditionals="0" statements="23" coveredstatements="0" elements="24" coveredelements="0"/>
    </file>
    <file name="/app/src/Laravel/Controllers/TokenTransferController.php">
      <class name="AntiPatternInc\Saasus\Laravel\Controllers\TokenTransferController" namespace="global">
        <metrics complexity="2" methods="1" coveredmethods="0" conditionals="0" coveredconditionals="0" statements="4" coveredstatements="0" elements="5" coveredelements="0"/>
      </class>
      <line num="11" type="method" name="index" visibility="public" complexity="2" crap="6" count="0"/>
      <line num="13" type="stmt" count="0"/>
      <line num="14" type="stmt" count="0"/>
      <line num="15" type="stmt" count="0"/>
      <line num="17" type="stmt" count="0"/>
      <metrics loc="25" ncloc="20" classes="1" methods="1" coveredmethods="0" conditionals="0" coveredconditionals="0" statements="4" coveredstatements="0" elements="5" coveredelements="0"/>
    </file>
    <file name="/app/src/Laravel/Middleware/Auth.php">
      <class name="AntiPatternInc\Saasus\Laravel\Middleware\Auth" namespace="global">
        <metrics complexity="10" methods="1" coveredmethods="0" conditionals="0" coveredconditionals="0" statements="39" coveredstatements="0" elements="40" coveredelements="0"/>
      </class>
      <line num="23" type="method" name="handle" visibility="public" complexity="10" crap="110" count="0"/>
      <line num="25" type="stmt" count="0"/>
      <line num="26" type="stmt" count="0"/>
      <line num="27" type="stmt" count="0"/>
      <line num="28" type="stmt" count="0"/>
      <line num="29" type="stmt" count="0"/>
      <line num="30" type="stmt" count="0"/>
      <line num="31" type="stmt" count="0"/>
      <line num="32" type="stmt" count="0"/>
      <line num="33" type="stmt" count="0"/>
      <line num="34" type="stmt" count="0"/>
      <line num="39" type="stmt" count="0"/>
      <line num="40" type="stmt" count="0"/>
      <line num="41" type="stmt" count="0"/>
      <line num="44" type="stmt" count="0"/>
      <line num="45" type="stmt" count="0"/>
      <line num="46" type="stmt" count="0"/>
      <line num="50" type="stmt" count="0"/>
      <line num="51" type="stmt" count="0"/>
      <line num="52" type="stmt" count="0"/>
      <line num="53" type="stmt" count="0"/>
      <line num="54" type="stmt" count="0"/>
      <line num="55" type="stmt" count="0"/>
      <line num="56" type="stmt" count="0"/>
      <line num="57" type="stmt" count="0"/>
      <line num="58" type="stmt" count="0"/>
      <line num="59" type="stmt" count="0"/>
      <line num="60" type="stmt" count="0"/>
      <line num="61" type="stmt" count="0"/>
      <line num="62" type="stmt" count="0"/>
      <line num="63" type="stmt" count="0"/>
      <line num="64" type="stmt" count="0"/>
      <line num="67" type="stmt" count="0"/>
      <line num="68" type="stmt" count="0"/>
      <line num="70" type="stmt" count="0"/>
      <line num="71" type="stmt" count="0"/>
      <line num="74" type="stmt" count="0"/>
      <line num="75" type="stmt" count="0"/>
      <line num="77" type="stmt" count="0"/>
      <line num="79" type="stmt" count="0"/>
      <metrics loc="82" ncloc="74" classes="1" methods="1" coveredmethods="0" conditionals="0" coveredconditionals="0" statements="39" coveredstatements="0" elements="40" coveredelements="0"/>
    </file>
    <metrics files="344" loc="29501" ncloc="16406" classes="344" methods="2485" coveredmethods="74" conditionals="0" coveredconditionals="0" statements="4940" coveredstatements="263" elements="7425" coveredelements="337"/>
  </project>
</coverage>
